Build target 'Template'
compiling main.c...
compiling stm32f4xx_it.c...
compiling system_stm32f4xx.c...
assembling startup_stm32f40_41xxx.s...
compiling misc.c...
compiling stm32f4xx_gpio.c...
compiling stm32f4xx_rcc.c...
compiling stm32f4xx_usart.c...
compiling stm32f4xx_syscfg.c...
compiling stm32f4xx_exti.c...
compiling stm32f4xx_tim.c...
compiling delay.c...
compiling sys.c...
compiling usart.c...
compiling led.c...
compiling tpad.c...
compiling lcd.c...
..\HARDWARE\TFTLCD\lcd.c(1): warning:  #1-D: last line of file ends without a newline
  #include "lcd.h"
..\HARDWARE\TFTLCD\lcd.c: 1 warning, 0 errors
linking...
Program Size: Code=9672 RO-data=424 RW-data=52 ZI-data=1836  
FromELF: creating hex file...
"..\OBJ\Template.axf" - 0 Error(s), 1 Warning(s).
