Rebuild target 'Template'
compiling main.c...
main.c(77): warning:  #177-D: function "Delay" was declared but never referenced
  static void Delay(__IO uint32_t nCount)
main.c: 1 warning, 0 errors
compiling stm32f4xx_it.c...
compiling system_stm32f4xx.c...
assembling startup_stm32f40_41xxx.s...
compiling misc.c...
compiling stm32f4xx_gpio.c...
compiling stm32f4xx_rcc.c...
compiling stm32f4xx_usart.c...
compiling stm32f4xx_syscfg.c...
compiling stm32f4xx_exti.c...
compiling stm32f4xx_tim.c...
compiling stm32f4xx_fsmc.c...
compiling delay.c...
compiling sys.c...
compiling usart.c...
compiling led.c...
compiling tpad.c...
compiling lcd.c...
linking...
Program Size: Code=8952 RO-data=452 RW-data=52 ZI-data=1836  
FromELF: creating hex file...
"..\OBJ\Template.axf" - 0 Error(s), 1 Warning(s).
